🔍 Initial Production Validation - Wed Jul 16 09:12:57 PDT 2025
[2025-07-16 09:12:57] Health: 200 (0.280085s) | Detailed: 200 (0.753656s) | Homepage: 200 (0.264095s)
[2025-07-16 09:12:58] Checking business metrics...
[2025-07-16 09:12:58] Products: 200 (2.592048s) | Cart: 200 (0.370869s) | Catering: 200 (2.022942s)
[2025-07-16 09:13:03] Running performance test...
time="2025-07-16T09:13:03-07:00" level=info msg="Starting load test against https://destino-467b47ljb-ready-sets-projects.vercel.app" source=console
time="2025-07-16T09:13:36-07:00" level=info msg="Load test completed" source=console


  █ THRESHOLDS 

    http_req_duration
    ✗ 'p(95)<500' p(95)=617.5ms

    http_req_failed
    ✓ 'rate<0.1' rate=0.00%

    http_reqs
    ✗ 'rate>10' rate=2.455315/s


  █ TOTAL RESULTS 

    checks_total.......................: 275    8.335945/s
    checks_succeeded...................: 70.54% 194 out of 275
    checks_failed......................: 29.45% 81 out of 275

    ✓ health check status is 200
    ✗ health check response time < 100ms
      ↳  0% — ✓ 0 / ✗ 65
    ✓ health check returns status
    ✓ detailed health check status is 200
    ✗ detailed health check response time < 500ms
      ↳  0% — ✓ 0 / ✗ 16
    ✓ detailed health check returns services
    ✓ detailed health check shows database
    ✓ detailed health check shows cache

    HTTP
    http_req_duration.......................................................: avg=260.65ms min=135.1ms med=165.27ms max=802.92ms p(90)=576.16ms p(95)=617.5ms
      { expected_response:true }............................................: avg=260.65ms min=135.1ms med=165.27ms max=802.92ms p(90)=576.16ms p(95)=617.5ms
    http_req_failed.........................................................: 0.00%  0 out of 81
    http_reqs...............................................................: 81     2.455315/s

    EXECUTION
    iteration_duration......................................................: avg=2.42s    min=1.25s   med=2.42s    max=3.57s    p(90)=3.13s    p(95)=3.41s  
    iterations..............................................................: 65     1.970314/s
    vus.....................................................................: 2      min=2       max=5
    vus_max.................................................................: 5      min=5       max=5

    NETWORK
    data_received...........................................................: 76 kB  2.3 kB/s
    data_sent...............................................................: 5.9 kB 178 B/s



time="2025-07-16T09:13:36-07:00" level=error msg="thresholds on metrics 'http_req_duration, http_reqs' have been crossed"
[2025-07-16 09:13:03] ⚠️ Performance test had issues
[2025-07-16 09:13:36] Health: 200 (0.256347s) | Detailed: 200 (0.666869s) | Homepage: 200 (0.216938s)
[2025-07-16 09:18:38] Health: 200 (0.371032s) | Detailed: 200 (1.159306s) | Homepage: 200 (0.242650s)
[2025-07-16 09:23:40] Health: 200 (0.509469s) | Detailed: 200 (1.180064s) | Homepage: 200 (0.242075s)
[2025-07-16 09:28:42] Health: 200 (0.428226s) | Detailed: 200 (0.855351s) | Homepage: 200 (0.327499s)
[2025-07-16 09:33:43] Health: 200 (0.350962s) | Detailed: 200 (1.174533s) | Homepage: 200 (0.244021s)
[2025-07-16 09:38:45] Health: 200 (0.308767s) | Detailed: 200 (1.196810s) | Homepage: 200 (0.322534s)
[2025-07-16 09:38:47] Checking business metrics...
[2025-07-16 09:38:47] Products: 200 (1.776545s) | Cart: 200 (0.199094s) | Catering: 200 (1.739967s)
[2025-07-16 09:43:51] Health: 200 (0.518994s) | Detailed: 200 (1.174341s) | Homepage: 200 (0.233539s)
[2025-07-16 09:48:53] Health: 200 (0.302413s) | Detailed: 200 (1.181461s) | Homepage: 200 (0.238187s)
[2025-07-16 09:53:56] Health: 200 (0.334599s) | Detailed: 200 (1.302267s) | Homepage: 200 (0.227554s)
[2025-07-16 09:58:58] Health: 200 (0.357812s) | Detailed: 200 (1.185260s) | Homepage: 200 (0.375772s)
[2025-07-16 10:04:00] Health: 200 (0.299763s) | Detailed: 200 (1.172070s) | Homepage: 200 (0.287569s)
[2025-07-16 10:09:02] Health: 200 (0.337368s) | Detailed: 200 (1.161826s) | Homepage: 200 (0.251019s)
[2025-07-16 10:09:03] Checking business metrics...
[2025-07-16 10:09:03] Products: 200 (2.357115s) | Cart: 200 (0.203242s) | Catering: 200 (1.947487s)
[2025-07-16 10:09:08] Running performance test...
time="2025-07-16T10:09:08-07:00" level=info msg="Starting load test against https://destino-467b47ljb-ready-sets-projects.vercel.app" source=console
time="2025-07-16T10:09:41-07:00" level=info msg="Load test completed" source=console


  █ THRESHOLDS 

    http_req_duration
    ✗ 'p(95)<500' p(95)=918.54ms

    http_req_failed
    ✓ 'rate<0.1' rate=0.00%

    http_reqs
    ✗ 'rate>10' rate=2.529966/s


  █ TOTAL RESULTS 

    checks_total.......................: 280    8.638907/s
    checks_succeeded...................: 70.71% 198 out of 280
    checks_failed......................: 29.28% 82 out of 280

    ✓ health check status is 200
    ✗ health check response time < 100ms
      ↳  0% — ✓ 0 / ✗ 65
    ✓ health check returns status
    ✓ detailed health check status is 200
    ✗ detailed health check response time < 500ms
      ↳  0% — ✓ 0 / ✗ 17
    ✓ detailed health check returns services
    ✓ detailed health check shows database
    ✓ detailed health check shows cache

    HTTP
    http_req_duration.......................................................: avg=330.57ms min=139.18ms med=159.63ms max=2.19s p(90)=638.04ms p(95)=918.54ms
      { expected_response:true }............................................: avg=330.57ms min=139.18ms med=159.63ms max=2.19s p(90)=638.04ms p(95)=918.54ms
    http_req_failed.........................................................: 0.00%  0 out of 82
    http_reqs...............................................................: 82     2.529966/s

    EXECUTION
    iteration_duration......................................................: avg=2.37s    min=1.24s    med=2.27s    max=5.31s p(90)=3.19s    p(95)=3.46s   
    iterations..............................................................: 65     2.00546/s
    vus.....................................................................: 1      min=1       max=5
    vus_max.................................................................: 5      min=5       max=5

    NETWORK
    data_received...........................................................: 78 kB  2.4 kB/s
    data_sent...............................................................: 5.9 kB 182 B/s



time="2025-07-16T10:09:41-07:00" level=error msg="thresholds on metrics 'http_req_duration, http_reqs' have been crossed"
[2025-07-16 10:09:08] ⚠️ Performance test had issues
